<?xml version="1.0" encoding="UTF-8"?>
<!-- Generated by org.testng.reporters.JUnitXMLReporter -->
<testsuite ignored="0" hostname="DESKTOP-DDTAJ8U" failures="0" tests="4" name="Default test" time="26.237" errors="0" timestamp="2024-10-23T20:07:35 EET">
  <testcase classname="BasicProject" name="signUp" time="8.413"/>
  <testcase classname="BasicProject" name="Logout" time="5.635"/>
  <testcase classname="BasicProject" name="Login" time="1.05"/>
  <testcase classname="BasicProject" name="AddItemToTheCart" time="9.928"/>
</testsuite> <!-- Default test -->
