<?xml version="1.0" encoding="UTF-8"?>
<testng-results ignored="0" total="4" passed="4" failed="0" skipped="0">
  <reporter-output>
  </reporter-output>
  <suite started-at="2024-10-23T20:07:09 EET" name="Default suite" finished-at="2024-10-23T20:07:35 EET" duration-ms="26237">
    <groups>
    </groups>
    <test started-at="2024-10-23T20:07:09 EET" name="Default test" finished-at="2024-10-23T20:07:35 EET" duration-ms="26237">
      <class name="BasicProject">
        <test-method is-config="true" signature="mySetup()[pri:0, instance:BasicProject@4a194c39]" started-at="2024-10-23T20:07:09 EET" name="mySetup" finished-at="2024-10-23T20:07:10 EET" duration-ms="1175" status="PASS">
          <reporter-output>
          </reporter-output>
        </test-method> <!-- mySetup -->
        <test-method signature="signUp()[pri:1, instance:BasicProject@4a194c39]" started-at="2024-10-23T20:07:10 EET" name="signUp" finished-at="2024-10-23T20:07:18 EET" duration-ms="8413" status="PASS">
          <reporter-output>
          </reporter-output>
        </test-method> <!-- signUp -->
        <test-method signature="Logout()[pri:2, instance:BasicProject@4a194c39]" started-at="2024-10-23T20:07:18 EET" name="Logout" finished-at="2024-10-23T20:07:24 EET" duration-ms="5635" status="PASS">
          <reporter-output>
          </reporter-output>
        </test-method> <!-- Logout -->
        <test-method signature="Login()[pri:3, instance:BasicProject@4a194c39]" started-at="2024-10-23T20:07:24 EET" name="Login" finished-at="2024-10-23T20:07:25 EET" duration-ms="1050" status="PASS">
          <reporter-output>
          </reporter-output>
        </test-method> <!-- Login -->
        <test-method signature="AddItemToTheCart()[pri:4, instance:BasicProject@4a194c39]" started-at="2024-10-23T20:07:25 EET" name="AddItemToTheCart" finished-at="2024-10-23T20:07:35 EET" duration-ms="9928" status="PASS">
          <reporter-output>
          </reporter-output>
        </test-method> <!-- AddItemToTheCart -->
      </class> <!-- BasicProject -->
    </test> <!-- Default test -->
  </suite> <!-- Default suite -->
</testng-results>
